<?xml version="1.0" encoding="UTF-8"?>
<testng-results ignored="0" total="2" passed="2" failed="0" skipped="0">
  <reporter-output>
  </reporter-output>
  <suite started-at="2022-02-14T15:37:46 IST" name="TestPackage.TestCase1" finished-at="2022-02-14T15:37:46 IST" duration-ms="83">
    <groups>
    </groups>
    <test started-at="2022-02-14T15:37:46 IST" name="Command line test" finished-at="2022-02-14T15:37:46 IST" duration-ms="83">
      <class name="TestPackage.TestCase1">
        <test-method signature="test()[pri:0, instance:TestPackage.TestCase1@2de8284b]" started-at="2022-02-14T15:37:46 IST" name="test" finished-at="2022-02-14T15:37:46 IST" duration-ms="8" status="PASS">
          <reporter-output>
          </reporter-output>
        </test-method> <!-- test -->
        <test-method signature="test1()[pri:0, instance:TestPackage.TestCase1@2de8284b]" started-at="2022-02-14T15:37:46 IST" name="test1" finished-at="2022-02-14T15:37:46 IST" duration-ms="1" status="PASS">
          <reporter-output>
          </reporter-output>
        </test-method> <!-- test1 -->
      </class> <!-- TestPackage.TestCase1 -->
    </test> <!-- Command line test -->
  </suite> <!-- TestPackage.TestCase1 -->
</testng-results>
